This file contains any messages produced by compilers while
running configure, to aid debugging if configure makes a mistake.

It was created by mahimahi configure 0.96, which was
generated by GNU Autoconf 2.69.  Invocation command line was

  $ ./configure 

## --------- ##
## Platform. ##
## --------- ##

hostname = cs244-vm-wily
uname -m = x86_64
uname -r = 4.2.0-35-generic
uname -s = Linux
uname -v = #40-Ubuntu SMP Tue Mar 15 22:15:45 UTC 2016

/usr/bin/uname -p = unknown
/bin/uname -X     = unknown

/bin/arch              = unknown
/usr/bin/arch -k       = unknown
/usr/convex/getsysinfo = unknown
/usr/bin/hostinfo      = unknown
/bin/machine           = unknown
/usr/bin/oslevel       = unknown
/bin/universe          = unknown

PATH: /usr/local/sbin
PATH: /usr/local/bin
PATH: /usr/sbin
PATH: /usr/bin
PATH: /sbin
PATH: /bin
PATH: /usr/games
PATH: /usr/local/games


## ----------- ##
## Core tests. ##
## ----------- ##

configure:2567: checking for a BSD-compatible install
configure:2635: result: /usr/bin/install -c
configure:2646: checking whether build environment is sane
configure:2701: result: yes
configure:2852: checking for a thread-safe mkdir -p
configure:2891: result: /bin/mkdir -p
configure:2898: checking for gawk
configure:2928: result: no
configure:2898: checking for mawk
configure:2914: found /usr/bin/mawk
configure:2925: result: mawk
configure:2936: checking whether make sets $(MAKE)
configure:2958: result: yes
configure:2987: checking whether make supports nested variables
configure:3004: result: yes
configure:3163: checking build system type
configure:3177: result: x86_64-unknown-linux-gnu
configure:3197: checking host system type
configure:3210: result: x86_64-unknown-linux-gnu
configure:3251: checking how to print strings
configure:3278: result: printf
configure:3311: checking for style of include used by make
configure:3339: result: GNU
configure:3410: checking for gcc
configure:3426: found /usr/bin/gcc
configure:3437: result: gcc
configure:3666: checking for C compiler version
configure:3675: gcc --version >&5
gcc (Ubuntu 5.2.1-22ubuntu2) 5.2.1 20151010
Copyright (C) 2015 Free Software Foundation, Inc.
This is free software; see the source for copying conditions.  There is NO
warranty; not even for MERCHANTABILITY or FITNESS FOR A PARTICULAR PURPOSE.

configure:3686: $? = 0
configure:3675: gcc -v >&5
Using built-in specs.
COLLECT_GCC=gcc
COLLECT_LTO_WRAPPER=/usr/lib/gcc/x86_64-linux-gnu/5/lto-wrapper
Target: x86_64-linux-gnu
Configured with: ../src/configure -v --with-pkgversion='Ubuntu 5.2.1-22ubuntu2' --with-bugurl=file:///usr/share/doc/gcc-5/README.Bugs --enable-languages=c,ada,c++,java,go,d,fortran,objc,obj-c++ --prefix=/usr --program-suffix=-5 --enable-shared --enable-linker-build-id --libexecdir=/usr/lib --without-included-gettext --enable-threads=posix --libdir=/usr/lib --enable-nls --with-sysroot=/ --enable-clocale=gnu --enable-libstdcxx-debug --enable-libstdcxx-time=yes --with-default-libstdcxx-abi=new --enable-gnu-unique-object --disable-vtable-verify --enable-libmpx --enable-plugin --with-system-zlib --disable-browser-plugin --enable-java-awt=gtk --enable-gtk-cairo --with-java-home=/usr/lib/jvm/java-1.5.0-gcj-5-amd64/jre --enable-java-home --with-jvm-root-dir=/usr/lib/jvm/java-1.5.0-gcj-5-amd64 --with-jvm-jar-dir=/usr/lib/jvm-exports/java-1.5.0-gcj-5-amd64 --with-arch-directory=amd64 --with-ecj-jar=/usr/share/java/eclipse-ecj.jar --enable-objc-gc --enable-multiarch --disable-werror --with-arch-32=i686 --with-abi=m64 --with-multilib-list=m32,m64,mx32 --enable-multilib --with-tune=generic --enable-checking=release --build=x86_64-linux-gnu --host=x86_64-linux-gnu --target=x86_64-linux-gnu
Thread model: posix
gcc version 5.2.1 20151010 (Ubuntu 5.2.1-22ubuntu2) 
configure:3686: $? = 0
configure:3675: gcc -V >&5
gcc: error: unrecognized command line option '-V'
gcc: fatal error: no input files
compilation terminated.
configure:3686: $? = 1
configure:3675: gcc -qversion >&5
gcc: error: unrecognized command line option '-qversion'
gcc: fatal error: no input files
compilation terminated.
configure:3686: $? = 1
configure:3706: checking whether the C compiler works
configure:3728: gcc    conftest.c  >&5
configure:3732: $? = 0
configure:3780: result: yes
configure:3783: checking for C compiler default output file name
configure:3785: result: a.out
configure:3791: checking for suffix of executables
configure:3798: gcc -o conftest    conftest.c  >&5
configure:3802: $? = 0
configure:3824: result: 
configure:3846: checking whether we are cross compiling
configure:3854: gcc -o conftest    conftest.c  >&5
configure:3858: $? = 0
configure:3865: ./conftest
configure:3869: $? = 0
configure:3884: result: no
configure:3889: checking for suffix of object files
configure:3911: gcc -c   conftest.c >&5
configure:3915: $? = 0
configure:3936: result: o
configure:3940: checking whether we are using the GNU C compiler
configure:3959: gcc -c   conftest.c >&5
configure:3959: $? = 0
configure:3968: result: yes
configure:3977: checking whether gcc accepts -g
configure:3997: gcc -c -g  conftest.c >&5
configure:3997: $? = 0
configure:4038: result: yes
configure:4055: checking for gcc option to accept ISO C89
configure:4118: gcc  -c -g -O2  conftest.c >&5
configure:4118: $? = 0
configure:4131: result: none needed
configure:4156: checking whether gcc understands -c and -o together
configure:4178: gcc -c conftest.c -o conftest2.o
configure:4181: $? = 0
configure:4178: gcc -c conftest.c -o conftest2.o
configure:4181: $? = 0
configure:4193: result: yes
configure:4212: checking dependency style of gcc
configure:4323: result: gcc3
configure:4338: checking for a sed that does not truncate output
configure:4402: result: /bin/sed
configure:4420: checking for grep that handles long lines and -e
configure:4478: result: /bin/grep
configure:4483: checking for egrep
configure:4545: result: /bin/grep -E
configure:4550: checking for fgrep
configure:4612: result: /bin/grep -F
configure:4647: checking for ld used by gcc
configure:4714: result: /usr/bin/ld
configure:4721: checking if the linker (/usr/bin/ld) is GNU ld
configure:4736: result: yes
configure:4748: checking for BSD- or MS-compatible name lister (nm)
configure:4797: result: /usr/bin/nm -B
configure:4927: checking the name lister (/usr/bin/nm -B) interface
configure:4934: gcc -c -g -O2  conftest.c >&5
configure:4937: /usr/bin/nm -B "conftest.o"
configure:4940: output
0000000000000000 B some_variable
configure:4947: result: BSD nm
configure:4950: checking whether ln -s works
configure:4954: result: yes
configure:4962: checking the maximum length of command line arguments
configure:5093: result: 1572864
configure:5110: checking whether the shell understands some XSI constructs
configure:5120: result: yes
configure:5124: checking whether the shell understands "+="
configure:5130: result: yes
configure:5165: checking how to convert x86_64-unknown-linux-gnu file names to x86_64-unknown-linux-gnu format
configure:5205: result: func_convert_file_noop
configure:5212: checking how to convert x86_64-unknown-linux-gnu file names to toolchain format
configure:5232: result: func_convert_file_noop
configure:5239: checking for /usr/bin/ld option to reload object files
configure:5246: result: -r
configure:5320: checking for objdump
configure:5336: found /usr/bin/objdump
configure:5347: result: objdump
configure:5379: checking how to recognize dependent libraries
configure:5577: result: pass_all
configure:5662: checking for dlltool
configure:5692: result: no
configure:5722: checking how to associate runtime and link libraries
configure:5749: result: printf %s\n
configure:5810: checking for ar
configure:5826: found /usr/bin/ar
configure:5837: result: ar
configure:5874: checking for archiver @FILE support
configure:5891: gcc -c -g -O2  conftest.c >&5
configure:5891: $? = 0
configure:5894: ar cru libconftest.a @conftest.lst >&5
ar: `u' modifier ignored since `D' is the default (see `U')
configure:5897: $? = 0
configure:5902: ar cru libconftest.a @conftest.lst >&5
ar: `u' modifier ignored since `D' is the default (see `U')
ar: conftest.o: No such file or directory
configure:5905: $? = 1
configure:5917: result: @
configure:5975: checking for strip
configure:5991: found /usr/bin/strip
configure:6002: result: strip
configure:6074: checking for ranlib
configure:6090: found /usr/bin/ranlib
configure:6101: result: ranlib
configure:6203: checking command to parse /usr/bin/nm -B output from gcc object
configure:6323: gcc -c -g -O2  conftest.c >&5
configure:6326: $? = 0
configure:6330: /usr/bin/nm -B conftest.o \| sed -n -e 's/^.*[ ]\([ABCDGIRSTW][ABCDGIRSTW]*\)[ ][ ]*\([_A-Za-z][_A-Za-z0-9]*\)$/\1 \2 \2/p' | sed '/ __gnu_lto/d' \> conftest.nm
configure:6333: $? = 0
configure:6399: gcc -o conftest -g -O2   conftest.c conftstm.o >&5
configure:6402: $? = 0
configure:6440: result: ok
configure:6477: checking for sysroot
configure:6507: result: no
configure:6584: gcc -c -g -O2  conftest.c >&5
configure:6587: $? = 0
configure:6776: checking for mt
configure:6792: found /bin/mt
configure:6803: result: mt
configure:6826: checking if mt is a manifest tool
configure:6832: mt '-?'
configure:6840: result: no
configure:7482: checking how to run the C preprocessor
configure:7513: gcc -E  conftest.c
configure:7513: $? = 0
configure:7527: gcc -E  conftest.c
conftest.c:11:28: fatal error: ac_nonexistent.h: No such file or directory
compilation terminated.
configure:7527: $? = 1
configure: failed program was:
| /* confdefs.h */
| #define PACKAGE_NAME "mahimahi"
| #define PACKAGE_TARNAME "mahimahi"
| #define PACKAGE_VERSION "0.96"
| #define PACKAGE_STRING "mahimahi 0.96"
| #define PACKAGE_BUGREPORT "mahimahi@mit.edu"
| #define PACKAGE_URL ""
| #define PACKAGE "mahimahi"
| #define VERSION "0.96"
| /* end confdefs.h.  */
| #include <ac_nonexistent.h>
configure:7552: result: gcc -E
configure:7572: gcc -E  conftest.c
configure:7572: $? = 0
configure:7586: gcc -E  conftest.c
conftest.c:11:28: fatal error: ac_nonexistent.h: No such file or directory
compilation terminated.
configure:7586: $? = 1
configure: failed program was:
| /* confdefs.h */
| #define PACKAGE_NAME "mahimahi"
| #define PACKAGE_TARNAME "mahimahi"
| #define PACKAGE_VERSION "0.96"
| #define PACKAGE_STRING "mahimahi 0.96"
| #define PACKAGE_BUGREPORT "mahimahi@mit.edu"
| #define PACKAGE_URL ""
| #define PACKAGE "mahimahi"
| #define VERSION "0.96"
| /* end confdefs.h.  */
| #include <ac_nonexistent.h>
configure:7615: checking for ANSI C header files
configure:7635: gcc -c -g -O2  conftest.c >&5
configure:7635: $? = 0
configure:7708: gcc -o conftest -g -O2   conftest.c  >&5
configure:7708: $? = 0
configure:7708: ./conftest
configure:7708: $? = 0
configure:7719: result: yes
configure:7732: checking for sys/types.h
configure:7732: gcc -c -g -O2  conftest.c >&5
configure:7732: $? = 0
configure:7732: result: yes
configure:7732: checking for sys/stat.h
configure:7732: gcc -c -g -O2  conftest.c >&5
configure:7732: $? = 0
configure:7732: result: yes
configure:7732: checking for stdlib.h
configure:7732: gcc -c -g -O2  conftest.c >&5
configure:7732: $? = 0
configure:7732: result: yes
configure:7732: checking for string.h
configure:7732: gcc -c -g -O2  conftest.c >&5
configure:7732: $? = 0
configure:7732: result: yes
configure:7732: checking for memory.h
configure:7732: gcc -c -g -O2  conftest.c >&5
configure:7732: $? = 0
configure:7732: result: yes
configure:7732: checking for strings.h
configure:7732: gcc -c -g -O2  conftest.c >&5
configure:7732: $? = 0
configure:7732: result: yes
configure:7732: checking for inttypes.h
configure:7732: gcc -c -g -O2  conftest.c >&5
configure:7732: $? = 0
configure:7732: result: yes
configure:7732: checking for stdint.h
configure:7732: gcc -c -g -O2  conftest.c >&5
configure:7732: $? = 0
configure:7732: result: yes
configure:7732: checking for unistd.h
configure:7732: gcc -c -g -O2  conftest.c >&5
configure:7732: $? = 0
configure:7732: result: yes
configure:7746: checking for dlfcn.h
configure:7746: gcc -c -g -O2  conftest.c >&5
configure:7746: $? = 0
configure:7746: result: yes
configure:7952: checking for objdir
configure:7967: result: .libs
configure:8238: checking if gcc supports -fno-rtti -fno-exceptions
configure:8256: gcc -c -g -O2  -fno-rtti -fno-exceptions conftest.c >&5
cc1: warning: command line option '-fno-rtti' is valid for C++/ObjC++ but not for C
configure:8260: $? = 0
configure:8273: result: no
configure:8600: checking for gcc option to produce PIC
configure:8607: result: -fPIC -DPIC
configure:8615: checking if gcc PIC flag -fPIC -DPIC works
configure:8633: gcc -c -g -O2  -fPIC -DPIC -DPIC conftest.c >&5
configure:8637: $? = 0
configure:8650: result: yes
configure:8679: checking if gcc static flag -static works
configure:8707: result: yes
configure:8722: checking if gcc supports -c -o file.o
configure:8743: gcc -c -g -O2  -o out/conftest2.o conftest.c >&5
configure:8747: $? = 0
configure:8769: result: yes
configure:8777: checking if gcc supports -c -o file.o
configure:8824: result: yes
configure:8857: checking whether the gcc linker (/usr/bin/ld -m elf_x86_64) supports shared libraries
configure:10014: result: yes
configure:10051: checking whether -lc should be explicitly linked in
configure:10059: gcc -c -g -O2  conftest.c >&5
configure:10062: $? = 0
configure:10077: gcc -shared  -fPIC -DPIC conftest.o  -v -Wl,-soname -Wl,conftest -o conftest 2\>\&1 \| /bin/grep  -lc  \>/dev/null 2\>\&1
configure:10080: $? = 0
configure:10094: result: no
configure:10254: checking dynamic linker characteristics
configure:10754: gcc -o conftest -g -O2   -Wl,-rpath -Wl,/foo conftest.c  >&5
configure:10754: $? = 0
configure:10988: result: GNU/Linux ld.so
configure:11095: checking how to hardcode library paths into programs
configure:11120: result: immediate
configure:11660: checking whether stripping libraries is possible
configure:11665: result: yes
configure:11700: checking if libtool supports shared libraries
configure:11702: result: yes
configure:11705: checking whether to build shared libraries
configure:11726: result: yes
configure:11729: checking whether to build static libraries
configure:11733: result: yes
configure:11837: checking for g++
configure:11853: found /usr/bin/g++
configure:11864: result: g++
configure:11891: checking for C++ compiler version
configure:11900: g++ --version >&5
g++ (Ubuntu 5.2.1-22ubuntu2) 5.2.1 20151010
Copyright (C) 2015 Free Software Foundation, Inc.
This is free software; see the source for copying conditions.  There is NO
warranty; not even for MERCHANTABILITY or FITNESS FOR A PARTICULAR PURPOSE.

configure:11911: $? = 0
configure:11900: g++ -v >&5
Using built-in specs.
COLLECT_GCC=g++
COLLECT_LTO_WRAPPER=/usr/lib/gcc/x86_64-linux-gnu/5/lto-wrapper
Target: x86_64-linux-gnu
Configured with: ../src/configure -v --with-pkgversion='Ubuntu 5.2.1-22ubuntu2' --with-bugurl=file:///usr/share/doc/gcc-5/README.Bugs --enable-languages=c,ada,c++,java,go,d,fortran,objc,obj-c++ --prefix=/usr --program-suffix=-5 --enable-shared --enable-linker-build-id --libexecdir=/usr/lib --without-included-gettext --enable-threads=posix --libdir=/usr/lib --enable-nls --with-sysroot=/ --enable-clocale=gnu --enable-libstdcxx-debug --enable-libstdcxx-time=yes --with-default-libstdcxx-abi=new --enable-gnu-unique-object --disable-vtable-verify --enable-libmpx --enable-plugin --with-system-zlib --disable-browser-plugin --enable-java-awt=gtk --enable-gtk-cairo --with-java-home=/usr/lib/jvm/java-1.5.0-gcj-5-amd64/jre --enable-java-home --with-jvm-root-dir=/usr/lib/jvm/java-1.5.0-gcj-5-amd64 --with-jvm-jar-dir=/usr/lib/jvm-exports/java-1.5.0-gcj-5-amd64 --with-arch-directory=amd64 --with-ecj-jar=/usr/share/java/eclipse-ecj.jar --enable-objc-gc --enable-multiarch --disable-werror --with-arch-32=i686 --with-abi=m64 --with-multilib-list=m32,m64,mx32 --enable-multilib --with-tune=generic --enable-checking=release --build=x86_64-linux-gnu --host=x86_64-linux-gnu --target=x86_64-linux-gnu
Thread model: posix
gcc version 5.2.1 20151010 (Ubuntu 5.2.1-22ubuntu2) 
configure:11911: $? = 0
configure:11900: g++ -V >&5
g++: error: unrecognized command line option '-V'
g++: fatal error: no input files
compilation terminated.
configure:11911: $? = 1
configure:11900: g++ -qversion >&5
g++: error: unrecognized command line option '-qversion'
g++: fatal error: no input files
compilation terminated.
configure:11911: $? = 1
configure:11915: checking whether we are using the GNU C++ compiler
configure:11934: g++ -c   conftest.cpp >&5
configure:11934: $? = 0
configure:11943: result: yes
configure:11952: checking whether g++ accepts -g
configure:11972: g++ -c -g  conftest.cpp >&5
configure:11972: $? = 0
configure:12013: result: yes
configure:12038: checking dependency style of g++
configure:12149: result: gcc3
configure:12182: checking how to run the C++ preprocessor
configure:12209: g++ -E  conftest.cpp
configure:12209: $? = 0
configure:12223: g++ -E  conftest.cpp
conftest.cpp:23:28: fatal error: ac_nonexistent.h: No such file or directory
compilation terminated.
configure:12223: $? = 1
configure: failed program was:
| /* confdefs.h */
| #define PACKAGE_NAME "mahimahi"
| #define PACKAGE_TARNAME "mahimahi"
| #define PACKAGE_VERSION "0.96"
| #define PACKAGE_STRING "mahimahi 0.96"
| #define PACKAGE_BUGREPORT "mahimahi@mit.edu"
| #define PACKAGE_URL ""
| #define PACKAGE "mahimahi"
| #define VERSION "0.96"
| #define STDC_HEADERS 1
| #define HAVE_SYS_TYPES_H 1
| #define HAVE_SYS_STAT_H 1
| #define HAVE_STDLIB_H 1
| #define HAVE_STRING_H 1
| #define HAVE_MEMORY_H 1
| #define HAVE_STRINGS_H 1
| #define HAVE_INTTYPES_H 1
| #define HAVE_STDINT_H 1
| #define HAVE_UNISTD_H 1
| #define HAVE_DLFCN_H 1
| #define LT_OBJDIR ".libs/"
| /* end confdefs.h.  */
| #include <ac_nonexistent.h>
configure:12248: result: g++ -E
configure:12268: g++ -E  conftest.cpp
configure:12268: $? = 0
configure:12282: g++ -E  conftest.cpp
conftest.cpp:23:28: fatal error: ac_nonexistent.h: No such file or directory
compilation terminated.
configure:12282: $? = 1
configure: failed program was:
| /* confdefs.h */
| #define PACKAGE_NAME "mahimahi"
| #define PACKAGE_TARNAME "mahimahi"
| #define PACKAGE_VERSION "0.96"
| #define PACKAGE_STRING "mahimahi 0.96"
| #define PACKAGE_BUGREPORT "mahimahi@mit.edu"
| #define PACKAGE_URL ""
| #define PACKAGE "mahimahi"
| #define VERSION "0.96"
| #define STDC_HEADERS 1
| #define HAVE_SYS_TYPES_H 1
| #define HAVE_SYS_STAT_H 1
| #define HAVE_STDLIB_H 1
| #define HAVE_STRING_H 1
| #define HAVE_MEMORY_H 1
| #define HAVE_STRINGS_H 1
| #define HAVE_INTTYPES_H 1
| #define HAVE_STDINT_H 1
| #define HAVE_UNISTD_H 1
| #define HAVE_DLFCN_H 1
| #define LT_OBJDIR ".libs/"
| /* end confdefs.h.  */
| #include <ac_nonexistent.h>
configure:12451: checking for ld used by g++
configure:12518: result: /usr/bin/ld -m elf_x86_64
configure:12525: checking if the linker (/usr/bin/ld -m elf_x86_64) is GNU ld
configure:12540: result: yes
configure:12595: checking whether the g++ linker (/usr/bin/ld -m elf_x86_64) supports shared libraries
configure:13597: result: yes
configure:13633: g++ -c -g -O2  conftest.cpp >&5
configure:13636: $? = 0
configure:14156: checking for g++ option to produce PIC
configure:14163: result: -fPIC -DPIC
configure:14171: checking if g++ PIC flag -fPIC -DPIC works
configure:14189: g++ -c -g -O2  -fPIC -DPIC -DPIC conftest.cpp >&5
configure:14193: $? = 0
configure:14206: result: yes
configure:14229: checking if g++ static flag -static works
configure:14257: result: yes
configure:14269: checking if g++ supports -c -o file.o
configure:14290: g++ -c -g -O2  -o out/conftest2.o conftest.cpp >&5
configure:14294: $? = 0
configure:14316: result: yes
configure:14321: checking if g++ supports -c -o file.o
configure:14368: result: yes
configure:14398: checking whether the g++ linker (/usr/bin/ld -m elf_x86_64) supports shared libraries
configure:14437: result: yes
configure:14578: checking dynamic linker characteristics
configure:15246: result: GNU/Linux ld.so
configure:15299: checking how to hardcode library paths into programs
configure:15324: result: immediate
configure:15368: checking for iptables
configure:15386: found /sbin/iptables
configure:15399: result: /sbin/iptables
configure:15419: checking for ip
configure:15437: found /sbin/ip
configure:15450: result: /sbin/ip
configure:15472: checking for apache2
configure:15490: found /usr/sbin/apache2
configure:15502: result: /usr/sbin/apache2
configure:15526: checking for dnsmasq
configure:15544: found /usr/sbin/dnsmasq
configure:15557: result: /usr/sbin/dnsmasq
configure:15576: checking for protoc
configure:15594: found /usr/bin/protoc
configure:15606: result: /usr/bin/protoc
configure:15620: checking for apxs
configure:15638: found /usr/bin/apxs
configure:15650: result: /usr/bin/apxs
configure:15670: checking for /usr/lib/apache2/modules/mod_mpm_prefork.so
configure:15684: result: yes
configure:15698: checking for /usr/lib/apache2/modules/mod_authz_core.so
configure:15712: result: yes
configure:15726: checking for /usr/lib/apache2/modules/mod_ssl.so
configure:15740: result: yes
configure:15754: checking for /etc/ssl/certs/ssl-cert-snakeoil.pem
configure:15767: result: yes
configure:15859: checking for pkg-config
configure:15877: found /usr/bin/pkg-config
configure:15889: result: /usr/bin/pkg-config
configure:15914: checking pkg-config is at least version 0.9.0
configure:15917: result: yes
configure:15927: checking for protobuf
configure:15934: $PKG_CONFIG --exists --print-errors "protobuf"
configure:15937: $? = 0
configure:15951: $PKG_CONFIG --exists --print-errors "protobuf"
configure:15954: $? = 0
configure:16012: result: yes
configure:16018: checking for libssl
configure:16025: $PKG_CONFIG --exists --print-errors "libcrypto libssl"
configure:16028: $? = 0
configure:16042: $PKG_CONFIG --exists --print-errors "libcrypto libssl"
configure:16045: $? = 0
configure:16103: result: yes
configure:16109: checking for libapr1
configure:16116: $PKG_CONFIG --exists --print-errors "apr-1"
configure:16119: $? = 0
configure:16133: $PKG_CONFIG --exists --print-errors "apr-1"
configure:16136: $? = 0
configure:16194: result: yes
configure:16200: checking for XCB
configure:16207: $PKG_CONFIG --exists --print-errors "xcb"
configure:16210: $? = 0
configure:16224: $PKG_CONFIG --exists --print-errors "xcb"
configure:16227: $? = 0
configure:16285: result: yes
configure:16291: checking for XCBPRESENT
configure:16298: $PKG_CONFIG --exists --print-errors "xcb-present"
configure:16301: $? = 0
configure:16315: $PKG_CONFIG --exists --print-errors "xcb-present"
configure:16318: $? = 0
configure:16376: result: yes
configure:16382: checking for PANGOCAIRO
configure:16389: $PKG_CONFIG --exists --print-errors "pangocairo"
configure:16392: $? = 0
configure:16406: $PKG_CONFIG --exists --print-errors "pangocairo"
configure:16409: $? = 0
configure:16467: result: yes
configure:16476: checking for sys/types.h
configure:16476: result: yes
configure:16476: checking for netinet/in.h
configure:16476: gcc -c -g -O2  conftest.c >&5
configure:16476: $? = 0
configure:16476: result: yes
configure:16476: checking for arpa/nameser.h
configure:16476: gcc -c -g -O2  conftest.c >&5
configure:16476: $? = 0
configure:16476: result: yes
configure:16476: checking for netdb.h
configure:16476: gcc -c -g -O2  conftest.c >&5
configure:16476: $? = 0
configure:16476: result: yes
configure:16476: checking for resolv.h
configure:16476: gcc -c -g -O2  conftest.c >&5
configure:16476: $? = 0
configure:16476: result: yes
configure:16502: checking arpa/inet.h usability
configure:16502: gcc -c -g -O2  conftest.c >&5
configure:16502: $? = 0
configure:16502: result: yes
configure:16502: checking arpa/inet.h presence
configure:16502: gcc -E  conftest.c
configure:16502: $? = 0
configure:16502: result: yes
configure:16502: checking for arpa/inet.h
configure:16502: result: yes
configure:16502: checking fcntl.h usability
configure:16502: gcc -c -g -O2  conftest.c >&5
configure:16502: $? = 0
configure:16502: result: yes
configure:16502: checking fcntl.h presence
configure:16502: gcc -E  conftest.c
configure:16502: $? = 0
configure:16502: result: yes
configure:16502: checking for fcntl.h
configure:16502: result: yes
configure:16502: checking for netdb.h
configure:16502: result: yes
configure:16502: checking for netinet/in.h
configure:16502: result: yes
configure:16502: checking paths.h usability
configure:16502: gcc -c -g -O2  conftest.c >&5
configure:16502: $? = 0
configure:16502: result: yes
configure:16502: checking paths.h presence
configure:16502: gcc -E  conftest.c
configure:16502: $? = 0
configure:16502: result: yes
configure:16502: checking for paths.h
configure:16502: result: yes
configure:16502: checking sys/ioctl.h usability
configure:16502: gcc -c -g -O2  conftest.c >&5
configure:16502: $? = 0
configure:16502: result: yes
configure:16502: checking sys/ioctl.h presence
configure:16502: gcc -E  conftest.c
configure:16502: $? = 0
configure:16502: result: yes
configure:16502: checking for sys/ioctl.h
configure:16502: result: yes
configure:16502: checking sys/socket.h usability
configure:16502: gcc -c -g -O2  conftest.c >&5
configure:16502: $? = 0
configure:16502: result: yes
configure:16502: checking sys/socket.h presence
configure:16502: gcc -E  conftest.c
configure:16502: $? = 0
configure:16502: result: yes
configure:16502: checking for sys/socket.h
configure:16502: result: yes
configure:16502: checking for unistd.h
configure:16502: result: yes
configure:16516: checking for stdbool.h that conforms to C99
configure:16583: gcc -c -g -O2  conftest.c >&5
configure:16583: $? = 0
configure:16590: result: yes
configure:16592: checking for _Bool
configure:16592: gcc -c -g -O2  conftest.c >&5
configure:16592: $? = 0
configure:16592: gcc -c -g -O2  conftest.c >&5
conftest.c: In function 'main':
conftest.c:83:20: error: expected expression before ')' token
 if (sizeof ((_Bool)))
                    ^
configure:16592: $? = 1
configure: failed program was:
| /* confdefs.h */
| #define PACKAGE_NAME "mahimahi"
| #define PACKAGE_TARNAME "mahimahi"
| #define PACKAGE_VERSION "0.96"
| #define PACKAGE_STRING "mahimahi 0.96"
| #define PACKAGE_BUGREPORT "mahimahi@mit.edu"
| #define PACKAGE_URL ""
| #define PACKAGE "mahimahi"
| #define VERSION "0.96"
| #define STDC_HEADERS 1
| #define HAVE_SYS_TYPES_H 1
| #define HAVE_SYS_STAT_H 1
| #define HAVE_STDLIB_H 1
| #define HAVE_STRING_H 1
| #define HAVE_MEMORY_H 1
| #define HAVE_STRINGS_H 1
| #define HAVE_INTTYPES_H 1
| #define HAVE_STDINT_H 1
| #define HAVE_UNISTD_H 1
| #define HAVE_DLFCN_H 1
| #define LT_OBJDIR ".libs/"
| #define IPTABLES "/sbin/iptables"
| #define IP "/sbin/ip"
| #define APACHE2 "/usr/sbin/apache2"
| #define DNSMASQ "/usr/sbin/dnsmasq"
| #define MOD_MPM_PREFORK "/usr/lib/apache2/modules/mod_mpm_prefork.so"
| #define MOD_AUTHZ_CORE "/usr/lib/apache2/modules/mod_authz_core.so"
| #define MOD_SSL "/usr/lib/apache2/modules/mod_ssl.so"
| #define MOD_SSL_CERTIFICATE_FILE "/etc/ssl/certs/ssl-cert-snakeoil.pem"
| #define MOD_SSL_KEY "/etc/ssl/private/ssl-cert-snakeoil.key"
| #define REPLAYSERVER "/usr/local/bin/mm-replayserver"
| #define MOD_DEEPCGI "/usr/local/lib//libmod_deepcgi.so"
| #define HAVE_SYS_TYPES_H 1
| #define HAVE_NETINET_IN_H 1
| #define HAVE_ARPA_NAMESER_H 1
| #define HAVE_NETDB_H 1
| #define HAVE_RESOLV_H 1
| #define HAVE_ARPA_INET_H 1
| #define HAVE_FCNTL_H 1
| #define HAVE_NETDB_H 1
| #define HAVE_NETINET_IN_H 1
| #define HAVE_PATHS_H 1
| #define HAVE_SYS_IOCTL_H 1
| #define HAVE_SYS_SOCKET_H 1
| #define HAVE_UNISTD_H 1
| /* end confdefs.h.  */
| #include <stdio.h>
| #ifdef HAVE_SYS_TYPES_H
| # include <sys/types.h>
| #endif
| #ifdef HAVE_SYS_STAT_H
| # include <sys/stat.h>
| #endif
| #ifdef STDC_HEADERS
| # include <stdlib.h>
| # include <stddef.h>
| #else
| # ifdef HAVE_STDLIB_H
| #  include <stdlib.h>
| # endif
| #endif
| #ifdef HAVE_STRING_H
| # if !defined STDC_HEADERS && defined HAVE_MEMORY_H
| #  include <memory.h>
| # endif
| # include <string.h>
| #endif
| #ifdef HAVE_STRINGS_H
| # include <strings.h>
| #endif
| #ifdef HAVE_INTTYPES_H
| # include <inttypes.h>
| #endif
| #ifdef HAVE_STDINT_H
| # include <stdint.h>
| #endif
| #ifdef HAVE_UNISTD_H
| # include <unistd.h>
| #endif
| int
| main ()
| {
| if (sizeof ((_Bool)))
| 	    return 0;
|   ;
|   return 0;
| }
configure:16592: result: yes
configure:16603: checking for uid_t in sys/types.h
configure:16622: result: yes
configure:16633: checking for inline
configure:16649: gcc -c -g -O2  conftest.c >&5
configure:16649: $? = 0
configure:16657: result: inline
configure:16675: checking for pid_t
configure:16675: gcc -c -g -O2  conftest.c >&5
configure:16675: $? = 0
configure:16675: gcc -c -g -O2  conftest.c >&5
conftest.c: In function 'main':
conftest.c:84:20: error: expected expression before ')' token
 if (sizeof ((pid_t)))
                    ^
configure:16675: $? = 1
configure: failed program was:
| /* confdefs.h */
| #define PACKAGE_NAME "mahimahi"
| #define PACKAGE_TARNAME "mahimahi"
| #define PACKAGE_VERSION "0.96"
| #define PACKAGE_STRING "mahimahi 0.96"
| #define PACKAGE_BUGREPORT "mahimahi@mit.edu"
| #define PACKAGE_URL ""
| #define PACKAGE "mahimahi"
| #define VERSION "0.96"
| #define STDC_HEADERS 1
| #define HAVE_SYS_TYPES_H 1
| #define HAVE_SYS_STAT_H 1
| #define HAVE_STDLIB_H 1
| #define HAVE_STRING_H 1
| #define HAVE_MEMORY_H 1
| #define HAVE_STRINGS_H 1
| #define HAVE_INTTYPES_H 1
| #define HAVE_STDINT_H 1
| #define HAVE_UNISTD_H 1
| #define HAVE_DLFCN_H 1
| #define LT_OBJDIR ".libs/"
| #define IPTABLES "/sbin/iptables"
| #define IP "/sbin/ip"
| #define APACHE2 "/usr/sbin/apache2"
| #define DNSMASQ "/usr/sbin/dnsmasq"
| #define MOD_MPM_PREFORK "/usr/lib/apache2/modules/mod_mpm_prefork.so"
| #define MOD_AUTHZ_CORE "/usr/lib/apache2/modules/mod_authz_core.so"
| #define MOD_SSL "/usr/lib/apache2/modules/mod_ssl.so"
| #define MOD_SSL_CERTIFICATE_FILE "/etc/ssl/certs/ssl-cert-snakeoil.pem"
| #define MOD_SSL_KEY "/etc/ssl/private/ssl-cert-snakeoil.key"
| #define REPLAYSERVER "/usr/local/bin/mm-replayserver"
| #define MOD_DEEPCGI "/usr/local/lib//libmod_deepcgi.so"
| #define HAVE_SYS_TYPES_H 1
| #define HAVE_NETINET_IN_H 1
| #define HAVE_ARPA_NAMESER_H 1
| #define HAVE_NETDB_H 1
| #define HAVE_RESOLV_H 1
| #define HAVE_ARPA_INET_H 1
| #define HAVE_FCNTL_H 1
| #define HAVE_NETDB_H 1
| #define HAVE_NETINET_IN_H 1
| #define HAVE_PATHS_H 1
| #define HAVE_SYS_IOCTL_H 1
| #define HAVE_SYS_SOCKET_H 1
| #define HAVE_UNISTD_H 1
| #define HAVE__BOOL 1
| /* end confdefs.h.  */
| #include <stdio.h>
| #ifdef HAVE_SYS_TYPES_H
| # include <sys/types.h>
| #endif
| #ifdef HAVE_SYS_STAT_H
| # include <sys/stat.h>
| #endif
| #ifdef STDC_HEADERS
| # include <stdlib.h>
| # include <stddef.h>
| #else
| # ifdef HAVE_STDLIB_H
| #  include <stdlib.h>
| # endif
| #endif
| #ifdef HAVE_STRING_H
| # if !defined STDC_HEADERS && defined HAVE_MEMORY_H
| #  include <memory.h>
| # endif
| # include <string.h>
| #endif
| #ifdef HAVE_STRINGS_H
| # include <strings.h>
| #endif
| #ifdef HAVE_INTTYPES_H
| # include <inttypes.h>
| #endif
| #ifdef HAVE_STDINT_H
| # include <stdint.h>
| #endif
| #ifdef HAVE_UNISTD_H
| # include <unistd.h>
| #endif
| int
| main ()
| {
| if (sizeof ((pid_t)))
| 	    return 0;
|   ;
|   return 0;
| }
configure:16675: result: yes
configure:16686: checking for size_t
configure:16686: gcc -c -g -O2  conftest.c >&5
configure:16686: $? = 0
configure:16686: gcc -c -g -O2  conftest.c >&5
conftest.c: In function 'main':
conftest.c:84:21: error: expected expression before ')' token
 if (sizeof ((size_t)))
                     ^
configure:16686: $? = 1
configure: failed program was:
| /* confdefs.h */
| #define PACKAGE_NAME "mahimahi"
| #define PACKAGE_TARNAME "mahimahi"
| #define PACKAGE_VERSION "0.96"
| #define PACKAGE_STRING "mahimahi 0.96"
| #define PACKAGE_BUGREPORT "mahimahi@mit.edu"
| #define PACKAGE_URL ""
| #define PACKAGE "mahimahi"
| #define VERSION "0.96"
| #define STDC_HEADERS 1
| #define HAVE_SYS_TYPES_H 1
| #define HAVE_SYS_STAT_H 1
| #define HAVE_STDLIB_H 1
| #define HAVE_STRING_H 1
| #define HAVE_MEMORY_H 1
| #define HAVE_STRINGS_H 1
| #define HAVE_INTTYPES_H 1
| #define HAVE_STDINT_H 1
| #define HAVE_UNISTD_H 1
| #define HAVE_DLFCN_H 1
| #define LT_OBJDIR ".libs/"
| #define IPTABLES "/sbin/iptables"
| #define IP "/sbin/ip"
| #define APACHE2 "/usr/sbin/apache2"
| #define DNSMASQ "/usr/sbin/dnsmasq"
| #define MOD_MPM_PREFORK "/usr/lib/apache2/modules/mod_mpm_prefork.so"
| #define MOD_AUTHZ_CORE "/usr/lib/apache2/modules/mod_authz_core.so"
| #define MOD_SSL "/usr/lib/apache2/modules/mod_ssl.so"
| #define MOD_SSL_CERTIFICATE_FILE "/etc/ssl/certs/ssl-cert-snakeoil.pem"
| #define MOD_SSL_KEY "/etc/ssl/private/ssl-cert-snakeoil.key"
| #define REPLAYSERVER "/usr/local/bin/mm-replayserver"
| #define MOD_DEEPCGI "/usr/local/lib//libmod_deepcgi.so"
| #define HAVE_SYS_TYPES_H 1
| #define HAVE_NETINET_IN_H 1
| #define HAVE_ARPA_NAMESER_H 1
| #define HAVE_NETDB_H 1
| #define HAVE_RESOLV_H 1
| #define HAVE_ARPA_INET_H 1
| #define HAVE_FCNTL_H 1
| #define HAVE_NETDB_H 1
| #define HAVE_NETINET_IN_H 1
| #define HAVE_PATHS_H 1
| #define HAVE_SYS_IOCTL_H 1
| #define HAVE_SYS_SOCKET_H 1
| #define HAVE_UNISTD_H 1
| #define HAVE__BOOL 1
| /* end confdefs.h.  */
| #include <stdio.h>
| #ifdef HAVE_SYS_TYPES_H
| # include <sys/types.h>
| #endif
| #ifdef HAVE_SYS_STAT_H
| # include <sys/stat.h>
| #endif
| #ifdef STDC_HEADERS
| # include <stdlib.h>
| # include <stddef.h>
| #else
| # ifdef HAVE_STDLIB_H
| #  include <stdlib.h>
| # endif
| #endif
| #ifdef HAVE_STRING_H
| # if !defined STDC_HEADERS && defined HAVE_MEMORY_H
| #  include <memory.h>
| # endif
| # include <string.h>
| #endif
| #ifdef HAVE_STRINGS_H
| # include <strings.h>
| #endif
| #ifdef HAVE_INTTYPES_H
| # include <inttypes.h>
| #endif
| #ifdef HAVE_STDINT_H
| # include <stdint.h>
| #endif
| #ifdef HAVE_UNISTD_H
| # include <unistd.h>
| #endif
| int
| main ()
| {
| if (sizeof ((size_t)))
| 	    return 0;
|   ;
|   return 0;
| }
configure:16686: result: yes
configure:16697: checking for ssize_t
configure:16697: gcc -c -g -O2  conftest.c >&5
configure:16697: $? = 0
configure:16697: gcc -c -g -O2  conftest.c >&5
conftest.c: In function 'main':
conftest.c:84:22: error: expected expression before ')' token
 if (sizeof ((ssize_t)))
                      ^
configure:16697: $? = 1
configure: failed program was:
| /* confdefs.h */
| #define PACKAGE_NAME "mahimahi"
| #define PACKAGE_TARNAME "mahimahi"
| #define PACKAGE_VERSION "0.96"
| #define PACKAGE_STRING "mahimahi 0.96"
| #define PACKAGE_BUGREPORT "mahimahi@mit.edu"
| #define PACKAGE_URL ""
| #define PACKAGE "mahimahi"
| #define VERSION "0.96"
| #define STDC_HEADERS 1
| #define HAVE_SYS_TYPES_H 1
| #define HAVE_SYS_STAT_H 1
| #define HAVE_STDLIB_H 1
| #define HAVE_STRING_H 1
| #define HAVE_MEMORY_H 1
| #define HAVE_STRINGS_H 1
| #define HAVE_INTTYPES_H 1
| #define HAVE_STDINT_H 1
| #define HAVE_UNISTD_H 1
| #define HAVE_DLFCN_H 1
| #define LT_OBJDIR ".libs/"
| #define IPTABLES "/sbin/iptables"
| #define IP "/sbin/ip"
| #define APACHE2 "/usr/sbin/apache2"
| #define DNSMASQ "/usr/sbin/dnsmasq"
| #define MOD_MPM_PREFORK "/usr/lib/apache2/modules/mod_mpm_prefork.so"
| #define MOD_AUTHZ_CORE "/usr/lib/apache2/modules/mod_authz_core.so"
| #define MOD_SSL "/usr/lib/apache2/modules/mod_ssl.so"
| #define MOD_SSL_CERTIFICATE_FILE "/etc/ssl/certs/ssl-cert-snakeoil.pem"
| #define MOD_SSL_KEY "/etc/ssl/private/ssl-cert-snakeoil.key"
| #define REPLAYSERVER "/usr/local/bin/mm-replayserver"
| #define MOD_DEEPCGI "/usr/local/lib//libmod_deepcgi.so"
| #define HAVE_SYS_TYPES_H 1
| #define HAVE_NETINET_IN_H 1
| #define HAVE_ARPA_NAMESER_H 1
| #define HAVE_NETDB_H 1
| #define HAVE_RESOLV_H 1
| #define HAVE_ARPA_INET_H 1
| #define HAVE_FCNTL_H 1
| #define HAVE_NETDB_H 1
| #define HAVE_NETINET_IN_H 1
| #define HAVE_PATHS_H 1
| #define HAVE_SYS_IOCTL_H 1
| #define HAVE_SYS_SOCKET_H 1
| #define HAVE_UNISTD_H 1
| #define HAVE__BOOL 1
| /* end confdefs.h.  */
| #include <stdio.h>
| #ifdef HAVE_SYS_TYPES_H
| # include <sys/types.h>
| #endif
| #ifdef HAVE_SYS_STAT_H
| # include <sys/stat.h>
| #endif
| #ifdef STDC_HEADERS
| # include <stdlib.h>
| # include <stddef.h>
| #else
| # ifdef HAVE_STDLIB_H
| #  include <stdlib.h>
| # endif
| #endif
| #ifdef HAVE_STRING_H
| # if !defined STDC_HEADERS && defined HAVE_MEMORY_H
| #  include <memory.h>
| # endif
| # include <string.h>
| #endif
| #ifdef HAVE_STRINGS_H
| # include <strings.h>
| #endif
| #ifdef HAVE_INTTYPES_H
| # include <inttypes.h>
| #endif
| #ifdef HAVE_STDINT_H
| # include <stdint.h>
| #endif
| #ifdef HAVE_UNISTD_H
| # include <unistd.h>
| #endif
| int
| main ()
| {
| if (sizeof ((ssize_t)))
| 	    return 0;
|   ;
|   return 0;
| }
configure:16697: result: yes
configure:16708: checking for uint16_t
configure:16708: gcc -c -g -O2  conftest.c >&5
configure:16708: $? = 0
configure:16708: result: yes
configure:16720: checking for uint32_t
configure:16720: gcc -c -g -O2  conftest.c >&5
configure:16720: $? = 0
configure:16720: result: yes
configure:16734: checking for uint64_t
configure:16734: gcc -c -g -O2  conftest.c >&5
configure:16734: $? = 0
configure:16734: result: yes
configure:16748: checking for uint8_t
configure:16748: gcc -c -g -O2  conftest.c >&5
configure:16748: $? = 0
configure:16748: result: yes
configure:16767: checking for clock_gettime
configure:16767: gcc -o conftest -g -O2   conftest.c  >&5
configure:16767: $? = 0
configure:16767: result: yes
configure:16767: checking for inet_ntoa
configure:16767: gcc -o conftest -g -O2   conftest.c  >&5
configure:16767: $? = 0
configure:16767: result: yes
configure:16767: checking for memset
configure:16767: gcc -o conftest -g -O2   conftest.c  >&5
conftest.c:73:6: warning: conflicting types for built-in function 'memset'
 char memset ();
      ^
configure:16767: $? = 0
configure:16767: result: yes
configure:16767: checking for mkdir
configure:16767: gcc -o conftest -g -O2   conftest.c  >&5
configure:16767: $? = 0
configure:16767: result: yes
configure:16767: checking for setenv
configure:16767: gcc -o conftest -g -O2   conftest.c  >&5
configure:16767: $? = 0
configure:16767: result: yes
configure:16767: checking for socket
configure:16767: gcc -o conftest -g -O2   conftest.c  >&5
configure:16767: $? = 0
configure:16767: result: yes
configure:16767: checking for strerror
configure:16767: gcc -o conftest -g -O2   conftest.c  >&5
configure:16767: $? = 0
configure:16767: result: yes
configure:16767: checking for strtol
configure:16767: gcc -o conftest -g -O2   conftest.c  >&5
configure:16767: $? = 0
configure:16767: result: yes
configure:16888: checking that generated files are newer than configure
configure:16894: result: done
configure:16921: creating ./config.status

## ---------------------- ##
## Running config.status. ##
## ---------------------- ##

This file was extended by mahimahi config.status 0.96, which was
generated by GNU Autoconf 2.69.  Invocation command line was

  CONFIG_FILES    = 
  CONFIG_HEADERS  = 
  CONFIG_LINKS    = 
  CONFIG_COMMANDS = 
  $ ./config.status 

on cs244-vm-wily

config.status:1214: creating Makefile
config.status:1214: creating src/Makefile
config.status:1214: creating src/util/Makefile
config.status:1214: creating src/packet/Makefile
config.status:1214: creating src/graphing/Makefile
config.status:1214: creating src/http/Makefile
config.status:1214: creating src/httpserver/Makefile
config.status:1214: creating src/frontend/Makefile
config.status:1214: creating src/protobufs/Makefile
config.status:1214: creating src/tests/Makefile
config.status:1214: creating man/Makefile
config.status:1214: creating traces/Makefile
config.status:1214: creating scripts/Makefile
config.status:1214: creating config.h
config.status:1395: config.h is unchanged
config.status:1443: executing depfiles commands
config.status:1443: executing libtool commands

## ---------------- ##
## Cache variables. ##
## ---------------- ##

ac_cv_build=x86_64-unknown-linux-gnu
ac_cv_c_compiler_gnu=yes
ac_cv_c_inline=inline
ac_cv_c_uint16_t=yes
ac_cv_c_uint32_t=yes
ac_cv_c_uint64_t=yes
ac_cv_c_uint8_t=yes
ac_cv_cxx_compiler_gnu=yes
ac_cv_env_APACHE2_set=
ac_cv_env_APACHE2_value=
ac_cv_env_CCC_set=
ac_cv_env_CCC_value=
ac_cv_env_CC_set=
ac_cv_env_CC_value=
ac_cv_env_CFLAGS_set=
ac_cv_env_CFLAGS_value=
ac_cv_env_CPPFLAGS_set=
ac_cv_env_CPPFLAGS_value=
ac_cv_env_CPP_set=
ac_cv_env_CPP_value=
ac_cv_env_CXXCPP_set=
ac_cv_env_CXXCPP_value=
ac_cv_env_CXXFLAGS_set=
ac_cv_env_CXXFLAGS_value=
ac_cv_env_CXX_set=
ac_cv_env_CXX_value=
ac_cv_env_DNSMASQ_set=
ac_cv_env_DNSMASQ_value=
ac_cv_env_IPTABLES_set=
ac_cv_env_IPTABLES_value=
ac_cv_env_IP_set=
ac_cv_env_IP_value=
ac_cv_env_LDFLAGS_set=
ac_cv_env_LDFLAGS_value=
ac_cv_env_LIBS_set=
ac_cv_env_LIBS_value=
ac_cv_env_PANGOCAIRO_CFLAGS_set=
ac_cv_env_PANGOCAIRO_CFLAGS_value=
ac_cv_env_PANGOCAIRO_LIBS_set=
ac_cv_env_PANGOCAIRO_LIBS_value=
ac_cv_env_PKG_CONFIG_LIBDIR_set=
ac_cv_env_PKG_CONFIG_LIBDIR_value=
ac_cv_env_PKG_CONFIG_PATH_set=
ac_cv_env_PKG_CONFIG_PATH_value=
ac_cv_env_PKG_CONFIG_set=
ac_cv_env_PKG_CONFIG_value=
ac_cv_env_XCBPRESENT_CFLAGS_set=
ac_cv_env_XCBPRESENT_CFLAGS_value=
ac_cv_env_XCBPRESENT_LIBS_set=
ac_cv_env_XCBPRESENT_LIBS_value=
ac_cv_env_XCB_CFLAGS_set=
ac_cv_env_XCB_CFLAGS_value=
ac_cv_env_XCB_LIBS_set=
ac_cv_env_XCB_LIBS_value=
ac_cv_env_build_alias_set=
ac_cv_env_build_alias_value=
ac_cv_env_host_alias_set=
ac_cv_env_host_alias_value=
ac_cv_env_libapr1_CFLAGS_set=
ac_cv_env_libapr1_CFLAGS_value=
ac_cv_env_libapr1_LIBS_set=
ac_cv_env_libapr1_LIBS_value=
ac_cv_env_libssl_CFLAGS_set=
ac_cv_env_libssl_CFLAGS_value=
ac_cv_env_libssl_LIBS_set=
ac_cv_env_libssl_LIBS_value=
ac_cv_env_protobuf_CFLAGS_set=
ac_cv_env_protobuf_CFLAGS_value=
ac_cv_env_protobuf_LIBS_set=
ac_cv_env_protobuf_LIBS_value=
ac_cv_env_target_alias_set=
ac_cv_env_target_alias_value=
ac_cv_file__etc_ssl_certs_ssl_cert_snakeoil_pem=yes
ac_cv_file__usr_lib_apache2_modules_mod_authz_core_so=yes
ac_cv_file__usr_lib_apache2_modules_mod_mpm_prefork_so=yes
ac_cv_file__usr_lib_apache2_modules_mod_ssl_so=yes
ac_cv_func_clock_gettime=yes
ac_cv_func_inet_ntoa=yes
ac_cv_func_memset=yes
ac_cv_func_mkdir=yes
ac_cv_func_setenv=yes
ac_cv_func_socket=yes
ac_cv_func_strerror=yes
ac_cv_func_strtol=yes
ac_cv_header_arpa_inet_h=yes
ac_cv_header_arpa_nameser_h=yes
ac_cv_header_dlfcn_h=yes
ac_cv_header_fcntl_h=yes
ac_cv_header_inttypes_h=yes
ac_cv_header_memory_h=yes
ac_cv_header_netdb_h=yes
ac_cv_header_netinet_in_h=yes
ac_cv_header_paths_h=yes
ac_cv_header_resolv_h=yes
ac_cv_header_stdbool_h=yes
ac_cv_header_stdc=yes
ac_cv_header_stdint_h=yes
ac_cv_header_stdlib_h=yes
ac_cv_header_string_h=yes
ac_cv_header_strings_h=yes
ac_cv_header_sys_ioctl_h=yes
ac_cv_header_sys_socket_h=yes
ac_cv_header_sys_stat_h=yes
ac_cv_header_sys_types_h=yes
ac_cv_header_unistd_h=yes
ac_cv_host=x86_64-unknown-linux-gnu
ac_cv_objext=o
ac_cv_path_APACHE2=/usr/sbin/apache2
ac_cv_path_APXS=/usr/bin/apxs
ac_cv_path_DNSMASQ=/usr/sbin/dnsmasq
ac_cv_path_EGREP='/bin/grep -E'
ac_cv_path_FGREP='/bin/grep -F'
ac_cv_path_GREP=/bin/grep
ac_cv_path_IP=/sbin/ip
ac_cv_path_IPTABLES=/sbin/iptables
ac_cv_path_PROTOC=/usr/bin/protoc
ac_cv_path_SED=/bin/sed
ac_cv_path_ac_pt_PKG_CONFIG=/usr/bin/pkg-config
ac_cv_path_install='/usr/bin/install -c'
ac_cv_path_mkdir=/bin/mkdir
ac_cv_prog_AWK=mawk
ac_cv_prog_CPP='gcc -E'
ac_cv_prog_CXXCPP='g++ -E'
ac_cv_prog_ac_ct_AR=ar
ac_cv_prog_ac_ct_CC=gcc
ac_cv_prog_ac_ct_CXX=g++
ac_cv_prog_ac_ct_MANIFEST_TOOL=mt
ac_cv_prog_ac_ct_OBJDUMP=objdump
ac_cv_prog_ac_ct_RANLIB=ranlib
ac_cv_prog_ac_ct_STRIP=strip
ac_cv_prog_cc_c89=
ac_cv_prog_cc_g=yes
ac_cv_prog_cxx_g=yes
ac_cv_prog_make_make_set=yes
ac_cv_type__Bool=yes
ac_cv_type_pid_t=yes
ac_cv_type_size_t=yes
ac_cv_type_ssize_t=yes
ac_cv_type_uid_t=yes
am_cv_CC_dependencies_compiler_type=gcc3
am_cv_CXX_dependencies_compiler_type=gcc3
am_cv_make_support_nested_variables=yes
am_cv_prog_cc_c_o=yes
lt_cv_ar_at_file=@
lt_cv_archive_cmds_need_lc=no
lt_cv_deplibs_check_method=pass_all
lt_cv_file_magic_cmd='$MAGIC_CMD'
lt_cv_file_magic_test_file=
lt_cv_ld_reload_flag=-r
lt_cv_nm_interface='BSD nm'
lt_cv_objdir=.libs
lt_cv_path_LD=/usr/bin/ld
lt_cv_path_LDCXX='/usr/bin/ld -m elf_x86_64'
lt_cv_path_NM='/usr/bin/nm -B'
lt_cv_path_mainfest_tool=no
lt_cv_prog_compiler_c_o=yes
lt_cv_prog_compiler_c_o_CXX=yes
lt_cv_prog_compiler_pic='-fPIC -DPIC'
lt_cv_prog_compiler_pic_CXX='-fPIC -DPIC'
lt_cv_prog_compiler_pic_works=yes
lt_cv_prog_compiler_pic_works_CXX=yes
lt_cv_prog_compiler_rtti_exceptions=no
lt_cv_prog_compiler_static_works=yes
lt_cv_prog_compiler_static_works_CXX=yes
lt_cv_prog_gnu_ld=yes
lt_cv_prog_gnu_ldcxx=yes
lt_cv_sharedlib_from_linklib_cmd='printf %s\n'
lt_cv_shlibpath_overrides_runpath=no
lt_cv_sys_global_symbol_pipe='sed -n -e '\''s/^.*[	 ]\([ABCDGIRSTW][ABCDGIRSTW]*\)[	 ][	 ]*\([_A-Za-z][_A-Za-z0-9]*\)$/\1 \2 \2/p'\'' | sed '\''/ __gnu_lto/d'\'''
lt_cv_sys_global_symbol_to_c_name_address='sed -n -e '\''s/^: \([^ ]*\)[ ]*$/  {\"\1\", (void *) 0},/p'\'' -e '\''s/^[ABCDGIRSTW]* \([^ ]*\) \([^ ]*\)$/  {"\2", (void *) \&\2},/p'\'''
lt_cv_sys_global_symbol_to_c_name_address_lib_prefix='sed -n -e '\''s/^: \([^ ]*\)[ ]*$/  {\"\1\", (void *) 0},/p'\'' -e '\''s/^[ABCDGIRSTW]* \([^ ]*\) \(lib[^ ]*\)$/  {"\2", (void *) \&\2},/p'\'' -e '\''s/^[ABCDGIRSTW]* \([^ ]*\) \([^ ]*\)$/  {"lib\2", (void *) \&\2},/p'\'''
lt_cv_sys_global_symbol_to_cdecl='sed -n -e '\''s/^T .* \(.*\)$/extern int \1();/p'\'' -e '\''s/^[ABCDGIRSTW]* .* \(.*\)$/extern char \1;/p'\'''
lt_cv_sys_max_cmd_len=1572864
lt_cv_to_host_file_cmd=func_convert_file_noop
lt_cv_to_tool_file_cmd=func_convert_file_noop
pkg_cv_PANGOCAIRO_CFLAGS='-pthread -I/usr/include/pango-1.0 -I/usr/include/cairo -I/usr/include/glib-2.0 -I/usr/lib/x86_64-linux-gnu/glib-2.0/include -I/usr/include/pixman-1 -I/usr/include/freetype2 -I/usr/include/libpng12 '
pkg_cv_PANGOCAIRO_LIBS='-lpangocairo-1.0 -lpango-1.0 -lgobject-2.0 -lglib-2.0 -lcairo '
pkg_cv_XCBPRESENT_CFLAGS=
pkg_cv_XCBPRESENT_LIBS='-lxcb-present -lxcb-randr -lxcb-xfixes -lxcb-render -lxcb-shape -lxcb-sync -lxcb '
pkg_cv_XCB_CFLAGS=
pkg_cv_XCB_LIBS='-lxcb '
pkg_cv_libapr1_CFLAGS='-DLINUX -D_REENTRANT -D_GNU_SOURCE -I/usr/include/apr-1.0 '
pkg_cv_libapr1_LIBS='-lapr-1 '
pkg_cv_libssl_CFLAGS=
pkg_cv_libssl_LIBS='-lcrypto -lssl '
pkg_cv_protobuf_CFLAGS='-pthread '
pkg_cv_protobuf_LIBS='-lprotobuf -pthread -lpthread '

## ----------------- ##
## Output variables. ##
## ----------------- ##

ACLOCAL='${SHELL} /home/cs244/cs244/pa2/mahimahi/missing aclocal-1.15'
AMDEPBACKSLASH='\'
AMDEP_FALSE='#'
AMDEP_TRUE=''
AMTAR='$${TAR-tar}'
AM_BACKSLASH='\'
AM_DEFAULT_V='$(AM_DEFAULT_VERBOSITY)'
AM_DEFAULT_VERBOSITY='1'
AM_V='$(V)'
APACHE2='/usr/sbin/apache2'
APACHE2_INCLUDE='/usr/include/apache2'
APACHE2_MODULE_DIR='/usr/lib/apache2/modules'
APXS='/usr/bin/apxs'
AR='ar'
AUTOCONF='${SHELL} /home/cs244/cs244/pa2/mahimahi/missing autoconf'
AUTOHEADER='${SHELL} /home/cs244/cs244/pa2/mahimahi/missing autoheader'
AUTOMAKE='${SHELL} /home/cs244/cs244/pa2/mahimahi/missing automake-1.15'
AWK='mawk'
CC='gcc'
CCDEPMODE='depmode=gcc3'
CFLAGS='-g -O2'
CPP='gcc -E'
CPPFLAGS=''
CXX11_FLAGS='-std=c++11 -pthread'
CXX='g++'
CXXCPP='g++ -E'
CXXDEPMODE='depmode=gcc3'
CXXFLAGS='-g -O2'
CYGPATH_W='echo'
DEFS='-DHAVE_CONFIG_H'
DEPDIR='.deps'
DLLTOOL='false'
DNSMASQ='/usr/sbin/dnsmasq'
DSYMUTIL=''
DUMPBIN=''
ECHO_C=''
ECHO_N='-n'
ECHO_T=''
EGREP='/bin/grep -E'
EXEEXT=''
FGREP='/bin/grep -F'
GREP='/bin/grep'
INSTALL_DATA='${INSTALL} -m 644'
INSTALL_PROGRAM='${INSTALL}'
INSTALL_SCRIPT='${INSTALL}'
INSTALL_STRIP_PROGRAM='$(install_sh) -c -s'
IP='/sbin/ip'
IPTABLES='/sbin/iptables'
LD='/usr/bin/ld -m elf_x86_64'
LDFLAGS=''
LIBOBJS=''
LIBS=''
LIBTOOL='$(SHELL) $(top_builddir)/libtool'
LIPO=''
LN_S='ln -s'
LTLIBOBJS=''
MAKEINFO='${SHELL} /home/cs244/cs244/pa2/mahimahi/missing makeinfo'
MANIFEST_TOOL=':'
MKDIR_P='/bin/mkdir -p'
NM='/usr/bin/nm -B'
NMEDIT=''
OBJDUMP='objdump'
OBJEXT='o'
OTOOL64=''
OTOOL=''
PACKAGE='mahimahi'
PACKAGE_BUGREPORT='mahimahi@mit.edu'
PACKAGE_NAME='mahimahi'
PACKAGE_STRING='mahimahi 0.96'
PACKAGE_TARNAME='mahimahi'
PACKAGE_URL=''
PACKAGE_VERSION='0.96'
PANGOCAIRO_CFLAGS='-pthread -I/usr/include/pango-1.0 -I/usr/include/cairo -I/usr/include/glib-2.0 -I/usr/lib/x86_64-linux-gnu/glib-2.0/include -I/usr/include/pixman-1 -I/usr/include/freetype2 -I/usr/include/libpng12 '
PANGOCAIRO_LIBS='-lpangocairo-1.0 -lpango-1.0 -lgobject-2.0 -lglib-2.0 -lcairo '
PATH_SEPARATOR=':'
PICKY_CXXFLAGS='-pedantic -Wall -Wextra -Weffc++ -Werror'
PKG_CONFIG='/usr/bin/pkg-config'
PKG_CONFIG_LIBDIR=''
PKG_CONFIG_PATH=''
PROTOC='/usr/bin/protoc'
RANLIB='ranlib'
SED='/bin/sed'
SET_MAKE=''
SHELL='/bin/bash'
STRIP='strip'
VERSION='0.96'
XCBPRESENT_CFLAGS=''
XCBPRESENT_LIBS='-lxcb-present -lxcb-randr -lxcb-xfixes -lxcb-render -lxcb-shape -lxcb-sync -lxcb '
XCB_CFLAGS=''
XCB_LIBS='-lxcb '
ac_ct_AR='ar'
ac_ct_CC='gcc'
ac_ct_CXX='g++'
ac_ct_DUMPBIN=''
am__EXEEXT_FALSE=''
am__EXEEXT_TRUE='#'
am__fastdepCC_FALSE='#'
am__fastdepCC_TRUE=''
am__fastdepCXX_FALSE='#'
am__fastdepCXX_TRUE=''
am__include='include'
am__isrc=''
am__leading_dot='.'
am__nodep='_no'
am__quote=''
am__tar='$${TAR-tar} chof - "$$tardir"'
am__untar='$${TAR-tar} xf -'
bindir='${exec_prefix}/bin'
build='x86_64-unknown-linux-gnu'
build_alias=''
build_cpu='x86_64'
build_os='linux-gnu'
build_vendor='unknown'
datadir='${datarootdir}'
datarootdir='${prefix}/share'
docdir='${datarootdir}/doc/${PACKAGE_TARNAME}'
dvidir='${docdir}'
exec_prefix='${prefix}'
host='x86_64-unknown-linux-gnu'
host_alias=''
host_cpu='x86_64'
host_os='linux-gnu'
host_vendor='unknown'
htmldir='${docdir}'
includedir='${prefix}/include'
infodir='${datarootdir}/info'
install_sh='${SHELL} /home/cs244/cs244/pa2/mahimahi/install-sh'
libapr1_CFLAGS='-DLINUX -D_REENTRANT -D_GNU_SOURCE -I/usr/include/apr-1.0 '
libapr1_LIBS='-lapr-1 '
libdir='${exec_prefix}/lib'
libexecdir='${exec_prefix}/libexec'
libssl_CFLAGS=''
libssl_LIBS='-lcrypto -lssl '
localedir='${datarootdir}/locale'
localstatedir='${prefix}/var'
mandir='${datarootdir}/man'
mkdir_p='$(MKDIR_P)'
oldincludedir='/usr/include'
pdfdir='${docdir}'
prefix='/usr/local'
program_transform_name='s,x,x,'
protobuf_CFLAGS='-pthread '
protobuf_LIBS='-lprotobuf -pthread -lpthread '
psdir='${docdir}'
sbindir='${exec_prefix}/sbin'
sharedstatedir='${prefix}/com'
sysconfdir='${prefix}/etc'
target_alias=''

## ----------- ##
## confdefs.h. ##
## ----------- ##

/* confdefs.h */
#define PACKAGE_NAME "mahimahi"
#define PACKAGE_TARNAME "mahimahi"
#define PACKAGE_VERSION "0.96"
#define PACKAGE_STRING "mahimahi 0.96"
#define PACKAGE_BUGREPORT "mahimahi@mit.edu"
#define PACKAGE_URL ""
#define PACKAGE "mahimahi"
#define VERSION "0.96"
#define STDC_HEADERS 1
#define HAVE_SYS_TYPES_H 1
#define HAVE_SYS_STAT_H 1
#define HAVE_STDLIB_H 1
#define HAVE_STRING_H 1
#define HAVE_MEMORY_H 1
#define HAVE_STRINGS_H 1
#define HAVE_INTTYPES_H 1
#define HAVE_STDINT_H 1
#define HAVE_UNISTD_H 1
#define HAVE_DLFCN_H 1
#define LT_OBJDIR ".libs/"
#define IPTABLES "/sbin/iptables"
#define IP "/sbin/ip"
#define APACHE2 "/usr/sbin/apache2"
#define DNSMASQ "/usr/sbin/dnsmasq"
#define MOD_MPM_PREFORK "/usr/lib/apache2/modules/mod_mpm_prefork.so"
#define MOD_AUTHZ_CORE "/usr/lib/apache2/modules/mod_authz_core.so"
#define MOD_SSL "/usr/lib/apache2/modules/mod_ssl.so"
#define MOD_SSL_CERTIFICATE_FILE "/etc/ssl/certs/ssl-cert-snakeoil.pem"
#define MOD_SSL_KEY "/etc/ssl/private/ssl-cert-snakeoil.key"
#define REPLAYSERVER "/usr/local/bin/mm-replayserver"
#define MOD_DEEPCGI "/usr/local/lib//libmod_deepcgi.so"
#define HAVE_SYS_TYPES_H 1
#define HAVE_NETINET_IN_H 1
#define HAVE_ARPA_NAMESER_H 1
#define HAVE_NETDB_H 1
#define HAVE_RESOLV_H 1
#define HAVE_ARPA_INET_H 1
#define HAVE_FCNTL_H 1
#define HAVE_NETDB_H 1
#define HAVE_NETINET_IN_H 1
#define HAVE_PATHS_H 1
#define HAVE_SYS_IOCTL_H 1
#define HAVE_SYS_SOCKET_H 1
#define HAVE_UNISTD_H 1
#define HAVE__BOOL 1
#define HAVE_CLOCK_GETTIME 1
#define HAVE_INET_NTOA 1
#define HAVE_MEMSET 1
#define HAVE_MKDIR 1
#define HAVE_SETENV 1
#define HAVE_SOCKET 1
#define HAVE_STRERROR 1
#define HAVE_STRTOL 1

configure: exit 0
